<?xml version="1.0" encoding="UTF-8"?>
<!-- Generated by org.testng.reporters.JUnitReportReporter -->
<testsuite skipped="0" hostname="LAPTOP-2MS9PO4S" name="test.Mytest1" tests="2" failures="0" timestamp="2020-11-11T21:43:16 IST" time="0.007" errors="0">
  <testcase name="test2" time="0.001" classname="test.Mytest1"/>
  <system-out/>
  <testcase name="test1" time="0.006" classname="test.Mytest1"/>
  <system-out/>
</testsuite> <!-- test.Mytest1 -->
